INFO [2018-04-10 00:32:40] $x
INFO [2018-04-10 00:32:40] list(pred_lr = tempdf_deffective[, "test.pred_lr_new"], pred_rf = tempdf_deffective[, 
INFO [2018-04-10 00:32:40]     "test.pred_rf_new"], pred_svm = tempdf_deffective[, "test.pred_svm_new"])
INFO [2018-04-10 00:32:40] 
INFO [2018-04-10 00:32:40] $filename
INFO [2018-04-10 00:32:40] [1] "ant_coloured_deffective.png"
INFO [2018-04-10 00:32:40] 
INFO [2018-04-10 00:32:40] $col
INFO [2018-04-10 00:32:40] [1] "transparent"
INFO [2018-04-10 00:32:40] 
INFO [2018-04-10 00:32:40] $fill
INFO [2018-04-10 00:32:40] c("cornflowerblue", "green", "yellow")
INFO [2018-04-10 00:32:40] 
INFO [2018-04-10 00:32:40] $alpha
INFO [2018-04-10 00:32:40] [1] 0.5
INFO [2018-04-10 00:32:40] 
INFO [2018-04-10 00:32:40] $label.col
INFO [2018-04-10 00:32:40] c("orange", "white", "darkorchid4", "white", "white", "darkgreen", 
INFO [2018-04-10 00:32:40]     "white")
INFO [2018-04-10 00:32:40] 
INFO [2018-04-10 00:32:40] $cex
INFO [2018-04-10 00:32:40] [1] 1.5
INFO [2018-04-10 00:32:40] 
INFO [2018-04-10 00:32:40] $fontfamily
INFO [2018-04-10 00:32:40] [1] "serif"
INFO [2018-04-10 00:32:40] 
INFO [2018-04-10 00:32:40] $fontface
INFO [2018-04-10 00:32:40] [1] "bold"
INFO [2018-04-10 00:32:40] 
INFO [2018-04-10 00:32:40] $cat.col
INFO [2018-04-10 00:32:40] c("darkblue", "darkgreen", "orange")
INFO [2018-04-10 00:32:40] 
INFO [2018-04-10 00:32:40] $cat.cex
INFO [2018-04-10 00:32:40] [1] 1.5
INFO [2018-04-10 00:32:40] 
INFO [2018-04-10 00:32:40] $cat.pos
INFO [2018-04-10 00:32:40] [1] 0
INFO [2018-04-10 00:32:40] 
INFO [2018-04-10 00:32:40] $cat.dist
INFO [2018-04-10 00:32:40] [1] 0.07
INFO [2018-04-10 00:32:40] 
INFO [2018-04-10 00:32:40] $cat.fontfamily
INFO [2018-04-10 00:32:40] [1] "serif"
INFO [2018-04-10 00:32:40] 
INFO [2018-04-10 00:32:40] $rotation.degree
INFO [2018-04-10 00:32:40] [1] 270
INFO [2018-04-10 00:32:40] 
INFO [2018-04-10 00:32:40] $margin
INFO [2018-04-10 00:32:40] [1] 0.2
INFO [2018-04-10 00:32:40] 
