INFO [2018-04-04 02:08:20] $x
INFO [2018-04-04 02:08:20] list(pred_lr = tempdf[, "test.pred_lr_new"], pred_rf = tempdf[, 
INFO [2018-04-04 02:08:20]     "test.pred_rf_new"], pred_svm = tempdf[, "test.pred_svm_new"])
INFO [2018-04-04 02:08:20] 
INFO [2018-04-04 02:08:20] $filename
INFO [2018-04-04 02:08:20] [1] "ivy_coloured.png"
INFO [2018-04-04 02:08:20] 
INFO [2018-04-04 02:08:20] $col
INFO [2018-04-04 02:08:20] [1] "transparent"
INFO [2018-04-04 02:08:20] 
INFO [2018-04-04 02:08:20] $fill
INFO [2018-04-04 02:08:20] c("cornflowerblue", "green", "yellow")
INFO [2018-04-04 02:08:20] 
INFO [2018-04-04 02:08:20] $alpha
INFO [2018-04-04 02:08:20] [1] 0.5
INFO [2018-04-04 02:08:20] 
INFO [2018-04-04 02:08:20] $label.col
INFO [2018-04-04 02:08:20] c("orange", "white", "darkorchid4", "white", "white", "darkgreen", 
INFO [2018-04-04 02:08:20]     "white")
INFO [2018-04-04 02:08:20] 
INFO [2018-04-04 02:08:20] $cex
INFO [2018-04-04 02:08:20] [1] 1.5
INFO [2018-04-04 02:08:20] 
INFO [2018-04-04 02:08:20] $fontfamily
INFO [2018-04-04 02:08:20] [1] "serif"
INFO [2018-04-04 02:08:20] 
INFO [2018-04-04 02:08:20] $fontface
INFO [2018-04-04 02:08:20] [1] "bold"
INFO [2018-04-04 02:08:20] 
INFO [2018-04-04 02:08:20] $cat.col
INFO [2018-04-04 02:08:20] c("darkblue", "darkgreen", "orange")
INFO [2018-04-04 02:08:20] 
INFO [2018-04-04 02:08:20] $cat.cex
INFO [2018-04-04 02:08:20] [1] 1.5
INFO [2018-04-04 02:08:20] 
INFO [2018-04-04 02:08:20] $cat.pos
INFO [2018-04-04 02:08:20] [1] 0
INFO [2018-04-04 02:08:20] 
INFO [2018-04-04 02:08:20] $cat.dist
INFO [2018-04-04 02:08:20] [1] 0.07
INFO [2018-04-04 02:08:20] 
INFO [2018-04-04 02:08:20] $cat.fontfamily
INFO [2018-04-04 02:08:20] [1] "serif"
INFO [2018-04-04 02:08:20] 
INFO [2018-04-04 02:08:20] $rotation.degree
INFO [2018-04-04 02:08:20] [1] 270
INFO [2018-04-04 02:08:20] 
INFO [2018-04-04 02:08:20] $margin
INFO [2018-04-04 02:08:20] [1] 0.2
INFO [2018-04-04 02:08:20] 
