INFO [2018-04-10 00:33:04] $x
INFO [2018-04-10 00:33:04] list(pred_lr = tempdf_deffective[, "test.pred_lr_new"], pred_rf = tempdf_deffective[, 
INFO [2018-04-10 00:33:04]     "test.pred_rf_new"], pred_svm = tempdf_deffective[, "test.pred_svm_new"])
INFO [2018-04-10 00:33:04] 
INFO [2018-04-10 00:33:04] $filename
INFO [2018-04-10 00:33:04] [1] "jedit_coloured_deffective.png"
INFO [2018-04-10 00:33:04] 
INFO [2018-04-10 00:33:04] $col
INFO [2018-04-10 00:33:04] [1] "transparent"
INFO [2018-04-10 00:33:04] 
INFO [2018-04-10 00:33:04] $fill
INFO [2018-04-10 00:33:04] c("cornflowerblue", "green", "yellow")
INFO [2018-04-10 00:33:04] 
INFO [2018-04-10 00:33:04] $alpha
INFO [2018-04-10 00:33:04] [1] 0.5
INFO [2018-04-10 00:33:04] 
INFO [2018-04-10 00:33:04] $label.col
INFO [2018-04-10 00:33:04] c("orange", "white", "darkorchid4", "white", "white", "darkgreen", 
INFO [2018-04-10 00:33:04]     "white")
INFO [2018-04-10 00:33:04] 
INFO [2018-04-10 00:33:04] $cex
INFO [2018-04-10 00:33:04] [1] 1.5
INFO [2018-04-10 00:33:04] 
INFO [2018-04-10 00:33:04] $fontfamily
INFO [2018-04-10 00:33:04] [1] "serif"
INFO [2018-04-10 00:33:04] 
INFO [2018-04-10 00:33:04] $fontface
INFO [2018-04-10 00:33:04] [1] "bold"
INFO [2018-04-10 00:33:04] 
INFO [2018-04-10 00:33:04] $cat.col
INFO [2018-04-10 00:33:04] c("darkblue", "darkgreen", "orange")
INFO [2018-04-10 00:33:04] 
INFO [2018-04-10 00:33:04] $cat.cex
INFO [2018-04-10 00:33:04] [1] 1.5
INFO [2018-04-10 00:33:04] 
INFO [2018-04-10 00:33:04] $cat.pos
INFO [2018-04-10 00:33:04] [1] 0
INFO [2018-04-10 00:33:04] 
INFO [2018-04-10 00:33:04] $cat.dist
INFO [2018-04-10 00:33:04] [1] 0.07
INFO [2018-04-10 00:33:04] 
INFO [2018-04-10 00:33:04] $cat.fontfamily
INFO [2018-04-10 00:33:04] [1] "serif"
INFO [2018-04-10 00:33:04] 
INFO [2018-04-10 00:33:04] $rotation.degree
INFO [2018-04-10 00:33:04] [1] 270
INFO [2018-04-10 00:33:04] 
INFO [2018-04-10 00:33:04] $margin
INFO [2018-04-10 00:33:04] [1] 0.2
INFO [2018-04-10 00:33:04] 
