INFO [2018-04-10 00:33:05] $x
INFO [2018-04-10 00:33:05] list(pred_lr = tempdf_correct[, "test.pred_lr_new"], pred_rf = tempdf_correct[, 
INFO [2018-04-10 00:33:05]     "test.pred_rf_new"], pred_svm = tempdf_correct[, "test.pred_svm_new"])
INFO [2018-04-10 00:33:05] 
INFO [2018-04-10 00:33:05] $filename
INFO [2018-04-10 00:33:05] [1] "jedit_coloured_correct.png"
INFO [2018-04-10 00:33:05] 
INFO [2018-04-10 00:33:05] $col
INFO [2018-04-10 00:33:05] [1] "transparent"
INFO [2018-04-10 00:33:05] 
INFO [2018-04-10 00:33:05] $fill
INFO [2018-04-10 00:33:05] c("cornflowerblue", "green", "yellow")
INFO [2018-04-10 00:33:05] 
INFO [2018-04-10 00:33:05] $alpha
INFO [2018-04-10 00:33:05] [1] 0.5
INFO [2018-04-10 00:33:05] 
INFO [2018-04-10 00:33:05] $label.col
INFO [2018-04-10 00:33:05] c("orange", "white", "darkorchid4", "white", "white", "darkgreen", 
INFO [2018-04-10 00:33:05]     "white")
INFO [2018-04-10 00:33:05] 
INFO [2018-04-10 00:33:05] $cex
INFO [2018-04-10 00:33:05] [1] 1.5
INFO [2018-04-10 00:33:05] 
INFO [2018-04-10 00:33:05] $fontfamily
INFO [2018-04-10 00:33:05] [1] "serif"
INFO [2018-04-10 00:33:05] 
INFO [2018-04-10 00:33:05] $fontface
INFO [2018-04-10 00:33:05] [1] "bold"
INFO [2018-04-10 00:33:05] 
INFO [2018-04-10 00:33:05] $cat.col
INFO [2018-04-10 00:33:05] c("darkblue", "darkgreen", "orange")
INFO [2018-04-10 00:33:05] 
INFO [2018-04-10 00:33:05] $cat.cex
INFO [2018-04-10 00:33:05] [1] 1.5
INFO [2018-04-10 00:33:05] 
INFO [2018-04-10 00:33:05] $cat.pos
INFO [2018-04-10 00:33:05] [1] 0
INFO [2018-04-10 00:33:05] 
INFO [2018-04-10 00:33:05] $cat.dist
INFO [2018-04-10 00:33:05] [1] 0.07
INFO [2018-04-10 00:33:05] 
INFO [2018-04-10 00:33:05] $cat.fontfamily
INFO [2018-04-10 00:33:05] [1] "serif"
INFO [2018-04-10 00:33:05] 
INFO [2018-04-10 00:33:05] $rotation.degree
INFO [2018-04-10 00:33:05] [1] 270
INFO [2018-04-10 00:33:05] 
INFO [2018-04-10 00:33:05] $margin
INFO [2018-04-10 00:33:05] [1] 0.2
INFO [2018-04-10 00:33:05] 
