INFO [2018-04-04 02:10:32] $x
INFO [2018-04-04 02:10:32] list(pred_lr = tempdf[, "test.pred_lr_new"], pred_rf = tempdf[, 
INFO [2018-04-04 02:10:32]     "test.pred_rf_new"], pred_svm = tempdf[, "test.pred_svm_new"])
INFO [2018-04-04 02:10:32] 
INFO [2018-04-04 02:10:32] $filename
INFO [2018-04-04 02:10:32] [1] "jedit_coloured.png"
INFO [2018-04-04 02:10:32] 
INFO [2018-04-04 02:10:32] $col
INFO [2018-04-04 02:10:32] [1] "transparent"
INFO [2018-04-04 02:10:32] 
INFO [2018-04-04 02:10:32] $fill
INFO [2018-04-04 02:10:32] c("cornflowerblue", "green", "yellow")
INFO [2018-04-04 02:10:32] 
INFO [2018-04-04 02:10:32] $alpha
INFO [2018-04-04 02:10:32] [1] 0.5
INFO [2018-04-04 02:10:32] 
INFO [2018-04-04 02:10:32] $label.col
INFO [2018-04-04 02:10:32] c("orange", "white", "darkorchid4", "white", "white", "darkgreen", 
INFO [2018-04-04 02:10:32]     "white")
INFO [2018-04-04 02:10:32] 
INFO [2018-04-04 02:10:32] $cex
INFO [2018-04-04 02:10:32] [1] 1.5
INFO [2018-04-04 02:10:32] 
INFO [2018-04-04 02:10:32] $fontfamily
INFO [2018-04-04 02:10:32] [1] "serif"
INFO [2018-04-04 02:10:32] 
INFO [2018-04-04 02:10:32] $fontface
INFO [2018-04-04 02:10:32] [1] "bold"
INFO [2018-04-04 02:10:32] 
INFO [2018-04-04 02:10:32] $cat.col
INFO [2018-04-04 02:10:32] c("darkblue", "darkgreen", "orange")
INFO [2018-04-04 02:10:32] 
INFO [2018-04-04 02:10:32] $cat.cex
INFO [2018-04-04 02:10:32] [1] 1.5
INFO [2018-04-04 02:10:32] 
INFO [2018-04-04 02:10:32] $cat.pos
INFO [2018-04-04 02:10:32] [1] 0
INFO [2018-04-04 02:10:32] 
INFO [2018-04-04 02:10:32] $cat.dist
INFO [2018-04-04 02:10:32] [1] 0.07
INFO [2018-04-04 02:10:32] 
INFO [2018-04-04 02:10:32] $cat.fontfamily
INFO [2018-04-04 02:10:32] [1] "serif"
INFO [2018-04-04 02:10:32] 
INFO [2018-04-04 02:10:32] $rotation.degree
INFO [2018-04-04 02:10:32] [1] 270
INFO [2018-04-04 02:10:32] 
INFO [2018-04-04 02:10:32] $margin
INFO [2018-04-04 02:10:32] [1] 0.2
INFO [2018-04-04 02:10:32] 
