INFO [2018-04-09 05:16:21] $x
INFO [2018-04-09 05:16:21] list(pred_lr = tempdf_correct[, "test.pred_lr_new"], pred_rf = tempdf_correct[, 
INFO [2018-04-09 05:16:21]     "test.pred_rf_new"], pred_svm = tempdf_correct[, "test.pred_svm_new"])
INFO [2018-04-09 05:16:21] 
INFO [2018-04-09 05:16:21] $filename
INFO [2018-04-09 05:16:21] [1] "jedit_coloured_correct.png"
INFO [2018-04-09 05:16:21] 
INFO [2018-04-09 05:16:21] $col
INFO [2018-04-09 05:16:21] [1] "transparent"
INFO [2018-04-09 05:16:21] 
INFO [2018-04-09 05:16:21] $fill
INFO [2018-04-09 05:16:21] c("cornflowerblue", "green", "yellow")
INFO [2018-04-09 05:16:21] 
INFO [2018-04-09 05:16:21] $alpha
INFO [2018-04-09 05:16:21] [1] 0.5
INFO [2018-04-09 05:16:21] 
INFO [2018-04-09 05:16:21] $label.col
INFO [2018-04-09 05:16:21] c("orange", "white", "darkorchid4", "white", "white", "darkgreen", 
INFO [2018-04-09 05:16:21]     "white")
INFO [2018-04-09 05:16:21] 
INFO [2018-04-09 05:16:21] $cex
INFO [2018-04-09 05:16:21] [1] 1.5
INFO [2018-04-09 05:16:21] 
INFO [2018-04-09 05:16:21] $fontfamily
INFO [2018-04-09 05:16:21] [1] "serif"
INFO [2018-04-09 05:16:21] 
INFO [2018-04-09 05:16:21] $fontface
INFO [2018-04-09 05:16:21] [1] "bold"
INFO [2018-04-09 05:16:21] 
INFO [2018-04-09 05:16:21] $cat.col
INFO [2018-04-09 05:16:21] c("darkblue", "darkgreen", "orange")
INFO [2018-04-09 05:16:21] 
INFO [2018-04-09 05:16:21] $cat.cex
INFO [2018-04-09 05:16:21] [1] 1.5
INFO [2018-04-09 05:16:21] 
INFO [2018-04-09 05:16:21] $cat.pos
INFO [2018-04-09 05:16:21] [1] 0
INFO [2018-04-09 05:16:21] 
INFO [2018-04-09 05:16:21] $cat.dist
INFO [2018-04-09 05:16:21] [1] 0.07
INFO [2018-04-09 05:16:21] 
INFO [2018-04-09 05:16:21] $cat.fontfamily
INFO [2018-04-09 05:16:21] [1] "serif"
INFO [2018-04-09 05:16:21] 
INFO [2018-04-09 05:16:21] $rotation.degree
INFO [2018-04-09 05:16:21] [1] 270
INFO [2018-04-09 05:16:21] 
INFO [2018-04-09 05:16:21] $margin
INFO [2018-04-09 05:16:21] [1] 0.2
INFO [2018-04-09 05:16:21] 
