INFO [2018-04-10 00:36:02] $x
INFO [2018-04-10 00:36:02] list(pred_lr = tempdf_correct[, "test.pred_lr_new"], pred_rf = tempdf_correct[, 
INFO [2018-04-10 00:36:02]     "test.pred_rf_new"], pred_svm = tempdf_correct[, "test.pred_svm_new"])
INFO [2018-04-10 00:36:02] 
INFO [2018-04-10 00:36:02] $filename
INFO [2018-04-10 00:36:02] [1] "redaktor_coloured_correct.png"
INFO [2018-04-10 00:36:02] 
INFO [2018-04-10 00:36:02] $col
INFO [2018-04-10 00:36:02] [1] "transparent"
INFO [2018-04-10 00:36:02] 
INFO [2018-04-10 00:36:02] $fill
INFO [2018-04-10 00:36:02] c("cornflowerblue", "green", "yellow")
INFO [2018-04-10 00:36:02] 
INFO [2018-04-10 00:36:02] $alpha
INFO [2018-04-10 00:36:02] [1] 0.5
INFO [2018-04-10 00:36:02] 
INFO [2018-04-10 00:36:02] $label.col
INFO [2018-04-10 00:36:02] c("orange", "white", "darkorchid4", "white", "white", "darkgreen", 
INFO [2018-04-10 00:36:02]     "white")
INFO [2018-04-10 00:36:02] 
INFO [2018-04-10 00:36:02] $cex
INFO [2018-04-10 00:36:02] [1] 1.5
INFO [2018-04-10 00:36:02] 
INFO [2018-04-10 00:36:02] $fontfamily
INFO [2018-04-10 00:36:02] [1] "serif"
INFO [2018-04-10 00:36:02] 
INFO [2018-04-10 00:36:02] $fontface
INFO [2018-04-10 00:36:02] [1] "bold"
INFO [2018-04-10 00:36:02] 
INFO [2018-04-10 00:36:02] $cat.col
INFO [2018-04-10 00:36:02] c("darkblue", "darkgreen", "orange")
INFO [2018-04-10 00:36:02] 
INFO [2018-04-10 00:36:02] $cat.cex
INFO [2018-04-10 00:36:02] [1] 1.5
INFO [2018-04-10 00:36:02] 
INFO [2018-04-10 00:36:02] $cat.pos
INFO [2018-04-10 00:36:02] [1] 0
INFO [2018-04-10 00:36:02] 
INFO [2018-04-10 00:36:02] $cat.dist
INFO [2018-04-10 00:36:02] [1] 0.07
INFO [2018-04-10 00:36:02] 
INFO [2018-04-10 00:36:02] $cat.fontfamily
INFO [2018-04-10 00:36:02] [1] "serif"
INFO [2018-04-10 00:36:02] 
INFO [2018-04-10 00:36:02] $rotation.degree
INFO [2018-04-10 00:36:02] [1] 270
INFO [2018-04-10 00:36:02] 
INFO [2018-04-10 00:36:02] $margin
INFO [2018-04-10 00:36:02] [1] 0.2
INFO [2018-04-10 00:36:02] 
