INFO [2018-04-10 00:36:01] $x
INFO [2018-04-10 00:36:01] list(pred_lr = tempdf_deffective[, "test.pred_lr_new"], pred_rf = tempdf_deffective[, 
INFO [2018-04-10 00:36:01]     "test.pred_rf_new"], pred_svm = tempdf_deffective[, "test.pred_svm_new"])
INFO [2018-04-10 00:36:01] 
INFO [2018-04-10 00:36:01] $filename
INFO [2018-04-10 00:36:01] [1] "redaktor_coloured_deffective.png"
INFO [2018-04-10 00:36:01] 
INFO [2018-04-10 00:36:01] $col
INFO [2018-04-10 00:36:01] [1] "transparent"
INFO [2018-04-10 00:36:01] 
INFO [2018-04-10 00:36:01] $fill
INFO [2018-04-10 00:36:01] c("cornflowerblue", "green", "yellow")
INFO [2018-04-10 00:36:01] 
INFO [2018-04-10 00:36:01] $alpha
INFO [2018-04-10 00:36:01] [1] 0.5
INFO [2018-04-10 00:36:01] 
INFO [2018-04-10 00:36:01] $label.col
INFO [2018-04-10 00:36:01] c("orange", "white", "darkorchid4", "white", "white", "darkgreen", 
INFO [2018-04-10 00:36:01]     "white")
INFO [2018-04-10 00:36:01] 
INFO [2018-04-10 00:36:01] $cex
INFO [2018-04-10 00:36:01] [1] 1.5
INFO [2018-04-10 00:36:01] 
INFO [2018-04-10 00:36:01] $fontfamily
INFO [2018-04-10 00:36:01] [1] "serif"
INFO [2018-04-10 00:36:01] 
INFO [2018-04-10 00:36:01] $fontface
INFO [2018-04-10 00:36:01] [1] "bold"
INFO [2018-04-10 00:36:01] 
INFO [2018-04-10 00:36:01] $cat.col
INFO [2018-04-10 00:36:01] c("darkblue", "darkgreen", "orange")
INFO [2018-04-10 00:36:01] 
INFO [2018-04-10 00:36:01] $cat.cex
INFO [2018-04-10 00:36:01] [1] 1.5
INFO [2018-04-10 00:36:01] 
INFO [2018-04-10 00:36:01] $cat.pos
INFO [2018-04-10 00:36:01] [1] 0
INFO [2018-04-10 00:36:01] 
INFO [2018-04-10 00:36:01] $cat.dist
INFO [2018-04-10 00:36:01] [1] 0.07
INFO [2018-04-10 00:36:01] 
INFO [2018-04-10 00:36:01] $cat.fontfamily
INFO [2018-04-10 00:36:01] [1] "serif"
INFO [2018-04-10 00:36:01] 
INFO [2018-04-10 00:36:01] $rotation.degree
INFO [2018-04-10 00:36:01] [1] 270
INFO [2018-04-10 00:36:01] 
INFO [2018-04-10 00:36:01] $margin
INFO [2018-04-10 00:36:01] [1] 0.2
INFO [2018-04-10 00:36:01] 
