INFO [2018-04-09 05:18:39] $x
INFO [2018-04-09 05:18:39] list(pred_lr = tempdf_correct[, "test.pred_lr_new"], pred_rf = tempdf_correct[, 
INFO [2018-04-09 05:18:39]     "test.pred_rf_new"], pred_svm = tempdf_correct[, "test.pred_svm_new"])
INFO [2018-04-09 05:18:39] 
INFO [2018-04-09 05:18:39] $filename
INFO [2018-04-09 05:18:39] [1] "redaktor_coloured_correct.png"
INFO [2018-04-09 05:18:39] 
INFO [2018-04-09 05:18:39] $col
INFO [2018-04-09 05:18:39] [1] "transparent"
INFO [2018-04-09 05:18:39] 
INFO [2018-04-09 05:18:39] $fill
INFO [2018-04-09 05:18:39] c("cornflowerblue", "green", "yellow")
INFO [2018-04-09 05:18:39] 
INFO [2018-04-09 05:18:39] $alpha
INFO [2018-04-09 05:18:39] [1] 0.5
INFO [2018-04-09 05:18:39] 
INFO [2018-04-09 05:18:39] $label.col
INFO [2018-04-09 05:18:39] c("orange", "white", "darkorchid4", "white", "white", "darkgreen", 
INFO [2018-04-09 05:18:39]     "white")
INFO [2018-04-09 05:18:39] 
INFO [2018-04-09 05:18:39] $cex
INFO [2018-04-09 05:18:39] [1] 1.5
INFO [2018-04-09 05:18:39] 
INFO [2018-04-09 05:18:39] $fontfamily
INFO [2018-04-09 05:18:39] [1] "serif"
INFO [2018-04-09 05:18:39] 
INFO [2018-04-09 05:18:39] $fontface
INFO [2018-04-09 05:18:39] [1] "bold"
INFO [2018-04-09 05:18:39] 
INFO [2018-04-09 05:18:39] $cat.col
INFO [2018-04-09 05:18:39] c("darkblue", "darkgreen", "orange")
INFO [2018-04-09 05:18:39] 
INFO [2018-04-09 05:18:39] $cat.cex
INFO [2018-04-09 05:18:39] [1] 1.5
INFO [2018-04-09 05:18:39] 
INFO [2018-04-09 05:18:39] $cat.pos
INFO [2018-04-09 05:18:39] [1] 0
INFO [2018-04-09 05:18:39] 
INFO [2018-04-09 05:18:39] $cat.dist
INFO [2018-04-09 05:18:39] [1] 0.07
INFO [2018-04-09 05:18:39] 
INFO [2018-04-09 05:18:39] $cat.fontfamily
INFO [2018-04-09 05:18:39] [1] "serif"
INFO [2018-04-09 05:18:39] 
INFO [2018-04-09 05:18:39] $rotation.degree
INFO [2018-04-09 05:18:39] [1] 270
INFO [2018-04-09 05:18:39] 
INFO [2018-04-09 05:18:39] $margin
INFO [2018-04-09 05:18:39] [1] 0.2
INFO [2018-04-09 05:18:39] 
