INFO [2018-04-09 05:18:37] $x
INFO [2018-04-09 05:18:37] list(pred_lr = tempdf_deffective[, "test.pred_lr_new"], pred_rf = tempdf_deffective[, 
INFO [2018-04-09 05:18:37]     "test.pred_rf_new"], pred_svm = tempdf_deffective[, "test.pred_svm_new"])
INFO [2018-04-09 05:18:37] 
INFO [2018-04-09 05:18:37] $filename
INFO [2018-04-09 05:18:37] [1] "redaktor_coloured_deffective.png"
INFO [2018-04-09 05:18:37] 
INFO [2018-04-09 05:18:37] $col
INFO [2018-04-09 05:18:37] [1] "transparent"
INFO [2018-04-09 05:18:37] 
INFO [2018-04-09 05:18:37] $fill
INFO [2018-04-09 05:18:37] c("cornflowerblue", "green", "yellow")
INFO [2018-04-09 05:18:37] 
INFO [2018-04-09 05:18:37] $alpha
INFO [2018-04-09 05:18:37] [1] 0.5
INFO [2018-04-09 05:18:37] 
INFO [2018-04-09 05:18:37] $label.col
INFO [2018-04-09 05:18:37] c("orange", "white", "darkorchid4", "white", "white", "darkgreen", 
INFO [2018-04-09 05:18:37]     "white")
INFO [2018-04-09 05:18:37] 
INFO [2018-04-09 05:18:37] $cex
INFO [2018-04-09 05:18:37] [1] 1.5
INFO [2018-04-09 05:18:37] 
INFO [2018-04-09 05:18:37] $fontfamily
INFO [2018-04-09 05:18:37] [1] "serif"
INFO [2018-04-09 05:18:37] 
INFO [2018-04-09 05:18:37] $fontface
INFO [2018-04-09 05:18:37] [1] "bold"
INFO [2018-04-09 05:18:37] 
INFO [2018-04-09 05:18:37] $cat.col
INFO [2018-04-09 05:18:37] c("darkblue", "darkgreen", "orange")
INFO [2018-04-09 05:18:37] 
INFO [2018-04-09 05:18:37] $cat.cex
INFO [2018-04-09 05:18:37] [1] 1.5
INFO [2018-04-09 05:18:37] 
INFO [2018-04-09 05:18:37] $cat.pos
INFO [2018-04-09 05:18:37] [1] 0
INFO [2018-04-09 05:18:37] 
INFO [2018-04-09 05:18:37] $cat.dist
INFO [2018-04-09 05:18:37] [1] 0.07
INFO [2018-04-09 05:18:37] 
INFO [2018-04-09 05:18:37] $cat.fontfamily
INFO [2018-04-09 05:18:37] [1] "serif"
INFO [2018-04-09 05:18:37] 
INFO [2018-04-09 05:18:37] $rotation.degree
INFO [2018-04-09 05:18:37] [1] 270
INFO [2018-04-09 05:18:37] 
INFO [2018-04-09 05:18:37] $margin
INFO [2018-04-09 05:18:37] [1] 0.2
INFO [2018-04-09 05:18:37] 
