INFO [2018-04-04 02:14:57] $x
INFO [2018-04-04 02:14:57] list(pred_lr = tempdf[, "test.pred_lr_new"], pred_rf = tempdf[, 
INFO [2018-04-04 02:14:57]     "test.pred_rf_new"], pred_svm = tempdf[, "test.pred_svm_new"])
INFO [2018-04-04 02:14:57] 
INFO [2018-04-04 02:14:57] $filename
INFO [2018-04-04 02:14:57] [1] "redaktor_coloured.png"
INFO [2018-04-04 02:14:57] 
INFO [2018-04-04 02:14:57] $col
INFO [2018-04-04 02:14:57] [1] "transparent"
INFO [2018-04-04 02:14:57] 
INFO [2018-04-04 02:14:57] $fill
INFO [2018-04-04 02:14:57] c("cornflowerblue", "green", "yellow")
INFO [2018-04-04 02:14:57] 
INFO [2018-04-04 02:14:57] $alpha
INFO [2018-04-04 02:14:57] [1] 0.5
INFO [2018-04-04 02:14:57] 
INFO [2018-04-04 02:14:57] $label.col
INFO [2018-04-04 02:14:57] c("orange", "white", "darkorchid4", "white", "white", "darkgreen", 
INFO [2018-04-04 02:14:57]     "white")
INFO [2018-04-04 02:14:57] 
INFO [2018-04-04 02:14:57] $cex
INFO [2018-04-04 02:14:57] [1] 1.5
INFO [2018-04-04 02:14:57] 
INFO [2018-04-04 02:14:57] $fontfamily
INFO [2018-04-04 02:14:57] [1] "serif"
INFO [2018-04-04 02:14:57] 
INFO [2018-04-04 02:14:57] $fontface
INFO [2018-04-04 02:14:57] [1] "bold"
INFO [2018-04-04 02:14:57] 
INFO [2018-04-04 02:14:57] $cat.col
INFO [2018-04-04 02:14:57] c("darkblue", "darkgreen", "orange")
INFO [2018-04-04 02:14:57] 
INFO [2018-04-04 02:14:57] $cat.cex
INFO [2018-04-04 02:14:57] [1] 1.5
INFO [2018-04-04 02:14:57] 
INFO [2018-04-04 02:14:57] $cat.pos
INFO [2018-04-04 02:14:57] [1] 0
INFO [2018-04-04 02:14:57] 
INFO [2018-04-04 02:14:57] $cat.dist
INFO [2018-04-04 02:14:57] [1] 0.07
INFO [2018-04-04 02:14:57] 
INFO [2018-04-04 02:14:57] $cat.fontfamily
INFO [2018-04-04 02:14:57] [1] "serif"
INFO [2018-04-04 02:14:57] 
INFO [2018-04-04 02:14:57] $rotation.degree
INFO [2018-04-04 02:14:57] [1] 270
INFO [2018-04-04 02:14:57] 
INFO [2018-04-04 02:14:57] $margin
INFO [2018-04-04 02:14:57] [1] 0.2
INFO [2018-04-04 02:14:57] 
