INFO [2018-04-09 05:21:06] $x
INFO [2018-04-09 05:21:06] list(pred_lr = tempdf_correct[, "test.pred_lr_new"], pred_rf = tempdf_correct[, 
INFO [2018-04-09 05:21:06]     "test.pred_rf_new"], pred_svm = tempdf_correct[, "test.pred_svm_new"])
INFO [2018-04-09 05:21:06] 
INFO [2018-04-09 05:21:06] $filename
INFO [2018-04-09 05:21:06] [1] "synapse_coloured_correct.png"
INFO [2018-04-09 05:21:06] 
INFO [2018-04-09 05:21:06] $col
INFO [2018-04-09 05:21:06] [1] "transparent"
INFO [2018-04-09 05:21:06] 
INFO [2018-04-09 05:21:06] $fill
INFO [2018-04-09 05:21:06] c("cornflowerblue", "green", "yellow")
INFO [2018-04-09 05:21:06] 
INFO [2018-04-09 05:21:06] $alpha
INFO [2018-04-09 05:21:06] [1] 0.5
INFO [2018-04-09 05:21:06] 
INFO [2018-04-09 05:21:06] $label.col
INFO [2018-04-09 05:21:06] c("orange", "white", "darkorchid4", "white", "white", "darkgreen", 
INFO [2018-04-09 05:21:06]     "white")
INFO [2018-04-09 05:21:06] 
INFO [2018-04-09 05:21:06] $cex
INFO [2018-04-09 05:21:06] [1] 1.5
INFO [2018-04-09 05:21:06] 
INFO [2018-04-09 05:21:06] $fontfamily
INFO [2018-04-09 05:21:06] [1] "serif"
INFO [2018-04-09 05:21:06] 
INFO [2018-04-09 05:21:06] $fontface
INFO [2018-04-09 05:21:06] [1] "bold"
INFO [2018-04-09 05:21:06] 
INFO [2018-04-09 05:21:06] $cat.col
INFO [2018-04-09 05:21:06] c("darkblue", "darkgreen", "orange")
INFO [2018-04-09 05:21:06] 
INFO [2018-04-09 05:21:06] $cat.cex
INFO [2018-04-09 05:21:06] [1] 1.5
INFO [2018-04-09 05:21:06] 
INFO [2018-04-09 05:21:06] $cat.pos
INFO [2018-04-09 05:21:06] [1] 0
INFO [2018-04-09 05:21:06] 
INFO [2018-04-09 05:21:06] $cat.dist
INFO [2018-04-09 05:21:06] [1] 0.07
INFO [2018-04-09 05:21:06] 
INFO [2018-04-09 05:21:06] $cat.fontfamily
INFO [2018-04-09 05:21:06] [1] "serif"
INFO [2018-04-09 05:21:06] 
INFO [2018-04-09 05:21:06] $rotation.degree
INFO [2018-04-09 05:21:06] [1] 270
INFO [2018-04-09 05:21:06] 
INFO [2018-04-09 05:21:06] $margin
INFO [2018-04-09 05:21:06] [1] 0.2
INFO [2018-04-09 05:21:06] 
