INFO [2018-04-04 02:17:29] $x
INFO [2018-04-04 02:17:29] list(pred_lr = tempdf[, "test.pred_lr_new"], pred_rf = tempdf[, 
INFO [2018-04-04 02:17:29]     "test.pred_rf_new"], pred_svm = tempdf[, "test.pred_svm_new"])
INFO [2018-04-04 02:17:29] 
INFO [2018-04-04 02:17:29] $filename
INFO [2018-04-04 02:17:29] [1] "synapse_coloured.png"
INFO [2018-04-04 02:17:29] 
INFO [2018-04-04 02:17:29] $col
INFO [2018-04-04 02:17:29] [1] "transparent"
INFO [2018-04-04 02:17:29] 
INFO [2018-04-04 02:17:29] $fill
INFO [2018-04-04 02:17:29] c("cornflowerblue", "green", "yellow")
INFO [2018-04-04 02:17:29] 
INFO [2018-04-04 02:17:29] $alpha
INFO [2018-04-04 02:17:29] [1] 0.5
INFO [2018-04-04 02:17:29] 
INFO [2018-04-04 02:17:29] $label.col
INFO [2018-04-04 02:17:29] c("orange", "white", "darkorchid4", "white", "white", "darkgreen", 
INFO [2018-04-04 02:17:29]     "white")
INFO [2018-04-04 02:17:29] 
INFO [2018-04-04 02:17:29] $cex
INFO [2018-04-04 02:17:29] [1] 1.5
INFO [2018-04-04 02:17:29] 
INFO [2018-04-04 02:17:29] $fontfamily
INFO [2018-04-04 02:17:29] [1] "serif"
INFO [2018-04-04 02:17:29] 
INFO [2018-04-04 02:17:29] $fontface
INFO [2018-04-04 02:17:29] [1] "bold"
INFO [2018-04-04 02:17:29] 
INFO [2018-04-04 02:17:29] $cat.col
INFO [2018-04-04 02:17:29] c("darkblue", "darkgreen", "orange")
INFO [2018-04-04 02:17:29] 
INFO [2018-04-04 02:17:29] $cat.cex
INFO [2018-04-04 02:17:29] [1] 1.5
INFO [2018-04-04 02:17:29] 
INFO [2018-04-04 02:17:29] $cat.pos
INFO [2018-04-04 02:17:29] [1] 0
INFO [2018-04-04 02:17:29] 
INFO [2018-04-04 02:17:29] $cat.dist
INFO [2018-04-04 02:17:29] [1] 0.07
INFO [2018-04-04 02:17:29] 
INFO [2018-04-04 02:17:29] $cat.fontfamily
INFO [2018-04-04 02:17:29] [1] "serif"
INFO [2018-04-04 02:17:29] 
INFO [2018-04-04 02:17:29] $rotation.degree
INFO [2018-04-04 02:17:29] [1] 270
INFO [2018-04-04 02:17:29] 
INFO [2018-04-04 02:17:29] $margin
INFO [2018-04-04 02:17:29] [1] 0.2
INFO [2018-04-04 02:17:29] 
