INFO [2018-04-04 02:19:09] $x
INFO [2018-04-04 02:19:09] list(pred_lr = tempdf[, "test.pred_lr_new"], pred_rf = tempdf[, 
INFO [2018-04-04 02:19:09]     "test.pred_rf_new"], pred_svm = tempdf[, "test.pred_svm_new"])
INFO [2018-04-04 02:19:09] 
INFO [2018-04-04 02:19:09] $filename
INFO [2018-04-04 02:19:09] [1] "synapse_coloured.png"
INFO [2018-04-04 02:19:09] 
INFO [2018-04-04 02:19:09] $col
INFO [2018-04-04 02:19:09] [1] "transparent"
INFO [2018-04-04 02:19:09] 
INFO [2018-04-04 02:19:09] $fill
INFO [2018-04-04 02:19:09] c("cornflowerblue", "green", "yellow")
INFO [2018-04-04 02:19:09] 
INFO [2018-04-04 02:19:09] $alpha
INFO [2018-04-04 02:19:09] [1] 0.5
INFO [2018-04-04 02:19:09] 
INFO [2018-04-04 02:19:09] $label.col
INFO [2018-04-04 02:19:09] c("orange", "white", "darkorchid4", "white", "white", "darkgreen", 
INFO [2018-04-04 02:19:09]     "white")
INFO [2018-04-04 02:19:09] 
INFO [2018-04-04 02:19:09] $cex
INFO [2018-04-04 02:19:09] [1] 1.5
INFO [2018-04-04 02:19:09] 
INFO [2018-04-04 02:19:09] $fontfamily
INFO [2018-04-04 02:19:09] [1] "serif"
INFO [2018-04-04 02:19:09] 
INFO [2018-04-04 02:19:09] $fontface
INFO [2018-04-04 02:19:09] [1] "bold"
INFO [2018-04-04 02:19:09] 
INFO [2018-04-04 02:19:09] $cat.col
INFO [2018-04-04 02:19:09] c("darkblue", "darkgreen", "orange")
INFO [2018-04-04 02:19:09] 
INFO [2018-04-04 02:19:09] $cat.cex
INFO [2018-04-04 02:19:09] [1] 1.5
INFO [2018-04-04 02:19:09] 
INFO [2018-04-04 02:19:09] $cat.pos
INFO [2018-04-04 02:19:09] [1] 0
INFO [2018-04-04 02:19:09] 
INFO [2018-04-04 02:19:09] $cat.dist
INFO [2018-04-04 02:19:09] [1] 0.07
INFO [2018-04-04 02:19:09] 
INFO [2018-04-04 02:19:09] $cat.fontfamily
INFO [2018-04-04 02:19:09] [1] "serif"
INFO [2018-04-04 02:19:09] 
INFO [2018-04-04 02:19:09] $rotation.degree
INFO [2018-04-04 02:19:09] [1] 270
INFO [2018-04-04 02:19:09] 
INFO [2018-04-04 02:19:09] $margin
INFO [2018-04-04 02:19:09] [1] 0.2
INFO [2018-04-04 02:19:09] 
