INFO [2018-04-10 00:38:31] $x
INFO [2018-04-10 00:38:31] list(pred_lr = tempdf_deffective[, "test.pred_lr_new"], pred_rf = tempdf_deffective[, 
INFO [2018-04-10 00:38:31]     "test.pred_rf_new"], pred_svm = tempdf_deffective[, "test.pred_svm_new"])
INFO [2018-04-10 00:38:31] 
INFO [2018-04-10 00:38:31] $filename
INFO [2018-04-10 00:38:31] [1] "synapse_coloured_deffective.png"
INFO [2018-04-10 00:38:31] 
INFO [2018-04-10 00:38:31] $col
INFO [2018-04-10 00:38:31] [1] "transparent"
INFO [2018-04-10 00:38:31] 
INFO [2018-04-10 00:38:31] $fill
INFO [2018-04-10 00:38:31] c("cornflowerblue", "green", "yellow")
INFO [2018-04-10 00:38:31] 
INFO [2018-04-10 00:38:31] $alpha
INFO [2018-04-10 00:38:31] [1] 0.5
INFO [2018-04-10 00:38:31] 
INFO [2018-04-10 00:38:31] $label.col
INFO [2018-04-10 00:38:31] c("orange", "white", "darkorchid4", "white", "white", "darkgreen", 
INFO [2018-04-10 00:38:31]     "white")
INFO [2018-04-10 00:38:31] 
INFO [2018-04-10 00:38:31] $cex
INFO [2018-04-10 00:38:31] [1] 1.5
INFO [2018-04-10 00:38:31] 
INFO [2018-04-10 00:38:31] $fontfamily
INFO [2018-04-10 00:38:31] [1] "serif"
INFO [2018-04-10 00:38:31] 
INFO [2018-04-10 00:38:31] $fontface
INFO [2018-04-10 00:38:31] [1] "bold"
INFO [2018-04-10 00:38:31] 
INFO [2018-04-10 00:38:31] $cat.col
INFO [2018-04-10 00:38:31] c("darkblue", "darkgreen", "orange")
INFO [2018-04-10 00:38:31] 
INFO [2018-04-10 00:38:31] $cat.cex
INFO [2018-04-10 00:38:31] [1] 1.5
INFO [2018-04-10 00:38:31] 
INFO [2018-04-10 00:38:31] $cat.pos
INFO [2018-04-10 00:38:31] [1] 0
INFO [2018-04-10 00:38:31] 
INFO [2018-04-10 00:38:31] $cat.dist
INFO [2018-04-10 00:38:31] [1] 0.07
INFO [2018-04-10 00:38:31] 
INFO [2018-04-10 00:38:31] $cat.fontfamily
INFO [2018-04-10 00:38:31] [1] "serif"
INFO [2018-04-10 00:38:31] 
INFO [2018-04-10 00:38:31] $rotation.degree
INFO [2018-04-10 00:38:31] [1] 270
INFO [2018-04-10 00:38:31] 
INFO [2018-04-10 00:38:31] $margin
INFO [2018-04-10 00:38:31] [1] 0.2
INFO [2018-04-10 00:38:31] 
