INFO [2018-04-09 05:24:56] $x
INFO [2018-04-09 05:24:56] list(pred_lr = tempdf_correct[, "test.pred_lr_new"], pred_rf = tempdf_correct[, 
INFO [2018-04-09 05:24:56]     "test.pred_rf_new"], pred_svm = tempdf_correct[, "test.pred_svm_new"])
INFO [2018-04-09 05:24:56] 
INFO [2018-04-09 05:24:56] $filename
INFO [2018-04-09 05:24:56] [1] "velocity_coloured_correct.png"
INFO [2018-04-09 05:24:56] 
INFO [2018-04-09 05:24:56] $col
INFO [2018-04-09 05:24:56] [1] "transparent"
INFO [2018-04-09 05:24:56] 
INFO [2018-04-09 05:24:56] $fill
INFO [2018-04-09 05:24:56] c("cornflowerblue", "green", "yellow")
INFO [2018-04-09 05:24:56] 
INFO [2018-04-09 05:24:56] $alpha
INFO [2018-04-09 05:24:56] [1] 0.5
INFO [2018-04-09 05:24:56] 
INFO [2018-04-09 05:24:56] $label.col
INFO [2018-04-09 05:24:56] c("orange", "white", "darkorchid4", "white", "white", "darkgreen", 
INFO [2018-04-09 05:24:56]     "white")
INFO [2018-04-09 05:24:56] 
INFO [2018-04-09 05:24:56] $cex
INFO [2018-04-09 05:24:56] [1] 1.5
INFO [2018-04-09 05:24:56] 
INFO [2018-04-09 05:24:56] $fontfamily
INFO [2018-04-09 05:24:56] [1] "serif"
INFO [2018-04-09 05:24:56] 
INFO [2018-04-09 05:24:56] $fontface
INFO [2018-04-09 05:24:56] [1] "bold"
INFO [2018-04-09 05:24:56] 
INFO [2018-04-09 05:24:56] $cat.col
INFO [2018-04-09 05:24:56] c("darkblue", "darkgreen", "orange")
INFO [2018-04-09 05:24:56] 
INFO [2018-04-09 05:24:56] $cat.cex
INFO [2018-04-09 05:24:56] [1] 1.5
INFO [2018-04-09 05:24:56] 
INFO [2018-04-09 05:24:56] $cat.pos
INFO [2018-04-09 05:24:56] [1] 0
INFO [2018-04-09 05:24:56] 
INFO [2018-04-09 05:24:56] $cat.dist
INFO [2018-04-09 05:24:56] [1] 0.07
INFO [2018-04-09 05:24:56] 
INFO [2018-04-09 05:24:56] $cat.fontfamily
INFO [2018-04-09 05:24:56] [1] "serif"
INFO [2018-04-09 05:24:56] 
INFO [2018-04-09 05:24:56] $rotation.degree
INFO [2018-04-09 05:24:56] [1] 270
INFO [2018-04-09 05:24:56] 
INFO [2018-04-09 05:24:56] $margin
INFO [2018-04-09 05:24:56] [1] 0.2
INFO [2018-04-09 05:24:56] 
