INFO [2018-04-10 00:38:43] $x
INFO [2018-04-10 00:38:43] list(pred_lr = tempdf_correct[, "test.pred_lr_new"], pred_rf = tempdf_correct[, 
INFO [2018-04-10 00:38:43]     "test.pred_rf_new"], pred_svm = tempdf_correct[, "test.pred_svm_new"])
INFO [2018-04-10 00:38:43] 
INFO [2018-04-10 00:38:43] $filename
INFO [2018-04-10 00:38:43] [1] "velocity_coloured_correct.png"
INFO [2018-04-10 00:38:43] 
INFO [2018-04-10 00:38:43] $col
INFO [2018-04-10 00:38:43] [1] "transparent"
INFO [2018-04-10 00:38:43] 
INFO [2018-04-10 00:38:43] $fill
INFO [2018-04-10 00:38:43] c("cornflowerblue", "green", "yellow")
INFO [2018-04-10 00:38:43] 
INFO [2018-04-10 00:38:43] $alpha
INFO [2018-04-10 00:38:43] [1] 0.5
INFO [2018-04-10 00:38:43] 
INFO [2018-04-10 00:38:43] $label.col
INFO [2018-04-10 00:38:43] c("orange", "white", "darkorchid4", "white", "white", "darkgreen", 
INFO [2018-04-10 00:38:43]     "white")
INFO [2018-04-10 00:38:43] 
INFO [2018-04-10 00:38:43] $cex
INFO [2018-04-10 00:38:43] [1] 1.5
INFO [2018-04-10 00:38:43] 
INFO [2018-04-10 00:38:43] $fontfamily
INFO [2018-04-10 00:38:43] [1] "serif"
INFO [2018-04-10 00:38:43] 
INFO [2018-04-10 00:38:43] $fontface
INFO [2018-04-10 00:38:43] [1] "bold"
INFO [2018-04-10 00:38:43] 
INFO [2018-04-10 00:38:43] $cat.col
INFO [2018-04-10 00:38:43] c("darkblue", "darkgreen", "orange")
INFO [2018-04-10 00:38:43] 
INFO [2018-04-10 00:38:43] $cat.cex
INFO [2018-04-10 00:38:43] [1] 1.5
INFO [2018-04-10 00:38:43] 
INFO [2018-04-10 00:38:43] $cat.pos
INFO [2018-04-10 00:38:43] [1] 0
INFO [2018-04-10 00:38:43] 
INFO [2018-04-10 00:38:43] $cat.dist
INFO [2018-04-10 00:38:43] [1] 0.07
INFO [2018-04-10 00:38:43] 
INFO [2018-04-10 00:38:43] $cat.fontfamily
INFO [2018-04-10 00:38:43] [1] "serif"
INFO [2018-04-10 00:38:43] 
INFO [2018-04-10 00:38:43] $rotation.degree
INFO [2018-04-10 00:38:43] [1] 270
INFO [2018-04-10 00:38:43] 
INFO [2018-04-10 00:38:43] $margin
INFO [2018-04-10 00:38:43] [1] 0.2
INFO [2018-04-10 00:38:43] 
