INFO [2018-04-10 00:38:42] $x
INFO [2018-04-10 00:38:42] list(pred_lr = tempdf_deffective[, "test.pred_lr_new"], pred_rf = tempdf_deffective[, 
INFO [2018-04-10 00:38:42]     "test.pred_rf_new"], pred_svm = tempdf_deffective[, "test.pred_svm_new"])
INFO [2018-04-10 00:38:42] 
INFO [2018-04-10 00:38:42] $filename
INFO [2018-04-10 00:38:42] [1] "velocity_coloured_deffective.png"
INFO [2018-04-10 00:38:42] 
INFO [2018-04-10 00:38:42] $col
INFO [2018-04-10 00:38:42] [1] "transparent"
INFO [2018-04-10 00:38:42] 
INFO [2018-04-10 00:38:42] $fill
INFO [2018-04-10 00:38:42] c("cornflowerblue", "green", "yellow")
INFO [2018-04-10 00:38:42] 
INFO [2018-04-10 00:38:42] $alpha
INFO [2018-04-10 00:38:42] [1] 0.5
INFO [2018-04-10 00:38:42] 
INFO [2018-04-10 00:38:42] $label.col
INFO [2018-04-10 00:38:42] c("orange", "white", "darkorchid4", "white", "white", "darkgreen", 
INFO [2018-04-10 00:38:42]     "white")
INFO [2018-04-10 00:38:42] 
INFO [2018-04-10 00:38:42] $cex
INFO [2018-04-10 00:38:42] [1] 1.5
INFO [2018-04-10 00:38:42] 
INFO [2018-04-10 00:38:42] $fontfamily
INFO [2018-04-10 00:38:42] [1] "serif"
INFO [2018-04-10 00:38:42] 
INFO [2018-04-10 00:38:42] $fontface
INFO [2018-04-10 00:38:42] [1] "bold"
INFO [2018-04-10 00:38:42] 
INFO [2018-04-10 00:38:42] $cat.col
INFO [2018-04-10 00:38:42] c("darkblue", "darkgreen", "orange")
INFO [2018-04-10 00:38:42] 
INFO [2018-04-10 00:38:42] $cat.cex
INFO [2018-04-10 00:38:42] [1] 1.5
INFO [2018-04-10 00:38:42] 
INFO [2018-04-10 00:38:42] $cat.pos
INFO [2018-04-10 00:38:42] [1] 0
INFO [2018-04-10 00:38:42] 
INFO [2018-04-10 00:38:42] $cat.dist
INFO [2018-04-10 00:38:42] [1] 0.07
INFO [2018-04-10 00:38:42] 
INFO [2018-04-10 00:38:42] $cat.fontfamily
INFO [2018-04-10 00:38:42] [1] "serif"
INFO [2018-04-10 00:38:42] 
INFO [2018-04-10 00:38:42] $rotation.degree
INFO [2018-04-10 00:38:42] [1] 270
INFO [2018-04-10 00:38:42] 
INFO [2018-04-10 00:38:42] $margin
INFO [2018-04-10 00:38:42] [1] 0.2
INFO [2018-04-10 00:38:42] 
